[INFO] [launch]: All log files can be found below /home/robross/.ros/log/2026-07-24-14-44-39-135482-longROBROSSdd-XiaoXinPro-14-AHP9-228714
[INFO] [launch]: Default logging verbosity is set to INFO
[INFO] [aubo_ros2_control_node-1]: process started with pid [228717]
[INFO] [robot_state_publisher-2]: process started with pid [228719]
[INFO] [spawner-3]: process started with pid [228721]
[aubo_ros2_control_node-1] [WARN] [1784875479.338835274] [controller_manager]: [Deprecated] Passing the robot description parameter directly to the control_manager node is deprecated. Use '~/robot_description' topic from 'robot_state_publisher' instead.
[robot_state_publisher-2] [INFO] [1784875479.338853544] [robot_state_publisher]: got segment base_link
[aubo_ros2_control_node-1] [INFO] [1784875479.339049844] [resource_manager]: Loading hardware 'auboHardwareInterface' 
[robot_state_publisher-2] [INFO] [1784875479.339078052] [robot_state_publisher]: got segment ee_link
[robot_state_publisher-2] [INFO] [1784875479.339084800] [robot_state_publisher]: got segment foreArm_Link
[robot_state_publisher-2] [INFO] [1784875479.339088410] [robot_state_publisher]: got segment shoulder_Link
[robot_state_publisher-2] [INFO] [1784875479.339091769] [robot_state_publisher]: got segment upperArm_Link
[robot_state_publisher-2] [INFO] [1784875479.339094908] [robot_state_publisher]: got segment world
[robot_state_publisher-2] [INFO] [1784875479.339097796] [robot_state_publisher]: got segment wrist1_Link
[robot_state_publisher-2] [INFO] [1784875479.339100614] [robot_state_publisher]: got segment wrist2_Link
[robot_state_publisher-2] [INFO] [1784875479.339103462] [robot_state_publisher]: got segment wrist3_Link
[aubo_ros2_control_node-1] [INFO] [1784875479.340247780] [resource_manager]: Initialize hardware 'auboHardwareInterface' 
[aubo_ros2_control_node-1] [INFO] [1784875479.340275286] [AuboHardwareInterface]: servoj_time hardware parameter not set; defaulting to 0.0050 s
[aubo_ros2_control_node-1] [INFO] [1784875479.340286226] [resource_manager]: Successful initialization of hardware 'auboHardwareInterface'
[aubo_ros2_control_node-1] [INFO] [1784875479.340322987] [resource_manager]: 'configure' hardware 'auboHardwareInterface' 
[aubo_ros2_control_node-1] [INFO] [1784875479.340328372] [resource_manager]: Successful 'configure' of hardware 'auboHardwareInterface'
[aubo_ros2_control_node-1] [INFO] [1784875479.340332563] [resource_manager]: 'activate' hardware 'auboHardwareInterface' 
[aubo_ros2_control_node-1] [INFO] [1784875479.340335652] [AuboHardwareInterface]: Starting ...please wait...
[aubo_ros2_control_node-1] [INFO] [1784875479.340853517] [aubo_servoj_diag]: servoj_config t=0.0050 a=0.200 v=0.200 lookahead=0.100 gain=200 window=400
[aubo_ros2_control_node-1] [Error] [connector_asio.h:119] Connect to 127.0.0.1:30004 FAILED: Connection refused
[aubo_ros2_control_node-1] terminate called after throwing an instance of 'arcs::common_interface::AuboException'
[aubo_ros2_control_node-1]   what():  getRobotNames-RPC client has not connected
[ERROR] [aubo_ros2_control_node-1]: process has died [pid 228717, exit code -6, cmd '/home/robross/robross_aubo_ws/install/aubo_ros2_driver/lib/aubo_ros2_driver/aubo_ros2_control_node --ros-args --params-file /tmp/launch_params_5u6l4smi --params-file /home/robross/robross_aubo_ws/install/aubo_ros2_driver/share/aubo_ros2_driver/config/aubo_controllers.yaml'].
[spawner-3] [INFO] [1784875479.522881222] [spawner_joint_state_broadcaster]: waiting for service /controller_manager/list_controllers to become available...
[spawner-3] [WARN] [1784875489.539498091] [spawner_joint_state_broadcaster]: Could not contact service /controller_manager/list_controllers
[spawner-3] [INFO] [1784875489.540281854] [spawner_joint_state_broadcaster]: waiting for service /controller_manager/list_controllers to become available...
